<?xml version="1.0" encoding="UTF-8"?>
<!-- Generated by org.testng.reporters.JUnitReportReporter -->
<testsuite hostname="ShareefDell" failures="0" tests="3" name="testNGScript.DataProviderExample" time="0.041" errors="0" timestamp="27 Nov 2023 09:53:05 GMT" skipped="0">
  <testcase classname="testNGScript.DataProviderExample" name="ncLogin" time="0.032"/>
  <testcase classname="testNGScript.DataProviderExample" name="ncLogin" time="0.005"/>
  <testcase classname="testNGScript.DataProviderExample" name="ncLogin" time="0.004"/>
</testsuite> <!-- testNGScript.DataProviderExample -->
