<?xml version="1.0" encoding="UTF-8"?>
<!-- Generated by org.testng.reporters.JUnitReportReporter -->
<testsuite hostname="ShareefDell" failures="0" tests="5" name="testNGScript.Example8" time="0.035" errors="0" timestamp="27 Nov 2023 10:05:49 GMT" skipped="2">
  <testcase classname="testNGScript.Example8" name="inputMethod" time="0.027"/>
  <testcase classname="testNGScript.Example8" name="inputMethod" time="0.004"/>
  <testcase classname="testNGScript.Example8" name="inputMethod" time="0.004"/>
  <testcase classname="testNGScript.Example8" name="method1">
    <skipped/>
  </testcase> <!-- method1 -->
  <testcase classname="testNGScript.Example8" name="testMethod1">
    <skipped/>
  </testcase> <!-- testMethod1 -->
</testsuite> <!-- testNGScript.Example8 -->
