<?xml version="1.0" encoding="UTF-8"?>
<!-- Generated by org.testng.reporters.JUnitReportReporter -->
<testsuite hostname="ShareefDell" failures="0" tests="1" name="testNGScript.Example3" time="19.798" errors="0" timestamp="26 Nov 2023 05:17:50 GMT" skipped="0">
  <testcase classname="testNGScript.Example3" name="ncLogin" time="19.798"/>
</testsuite> <!-- testNGScript.Example3 -->
