<?xml version="1.0" encoding="UTF-8"?>
<!-- Generated by org.testng.reporters.JUnitReportReporter -->
<testsuite hostname="ShareefDell" failures="0" tests="1" name="testNGScript.Example2" time="0.005" errors="0" timestamp="26 Nov 2023 05:17:50 GMT" skipped="0">
  <testcase classname="testNGScript.Example2" name="testMethod2" time="0.005"/>
</testsuite> <!-- testNGScript.Example2 -->
