<?xml version="1.0" encoding="UTF-8"?>
<!-- Generated by org.testng.reporters.JUnitReportReporter -->
<testsuite hostname="ShareefDell" failures="0" tests="1" name="testNGScript.Example7" time="0.024" errors="0" timestamp="26 Nov 2023 07:08:33 GMT" skipped="0">
  <testcase classname="testNGScript.Example7" name="method1" time="0.024"/>
</testsuite> <!-- testNGScript.Example7 -->
