<?xml version="1.0" encoding="UTF-8"?>
<!-- Generated by org.testng.reporters.JUnitReportReporter -->
<testsuite hostname="ShareefDell" failures="0" tests="5" name="testNGScript.Example5" time="0.037" errors="0" timestamp="26 Nov 2023 05:49:33 GMT" skipped="1">
  <testcase classname="testNGScript.Example5" name="rajaSri" time="0.026"/>
  <testcase classname="testNGScript.Example5" name="saiVamshi" time="0.005"/>
  <testcase classname="testNGScript.Example5" name="varun" time="0.003"/>
  <testcase classname="testNGScript.Example5" name="arjun" time="0.003"/>
  <testcase classname="testNGScript.Example5" name="nagaLakshmi">
    <skipped/>
  </testcase> <!-- nagaLakshmi -->
</testsuite> <!-- testNGScript.Example5 -->
